SF:lib\services\authentication.dart
DA:8,1
DA:9,1
DA:15,2
DA:19,0
DA:21,1
DA:22,1
DA:23,1
DA:26,1
DA:27,4
DA:29,0
DA:31,0
DA:32,0
DA:34,0
DA:35,0
DA:38,0
DA:40,1
DA:41,1
DA:43,1
DA:47,0
DA:49,0
DA:50,0
DA:52,0
DA:56,0
DA:60,0
DA:62,0
DA:66,0
DA:71,0
DA:73,0
DA:75,0
DA:77,0
DA:79,0
DA:83,0
DA:88,0
DA:90,0
DA:91,0
DA:92,0
DA:93,0
DA:101,0
DA:102,0
LF:39
LH:11
end_of_record
SF:lib\services\test\firebaseTestHelper.dart
DA:7,1
DA:8,1
DA:10,2
DA:11,2
DA:12,1
DA:13,1
DA:15,1
DA:21,1
DA:26,0
DA:27,0
DA:28,0
DA:29,0
DA:30,0
DA:35,0
DA:42,0
DA:45,0
LF:16
LH:8
end_of_record
SF:lib\models\user.dart
DA:9,0
LF:1
LH:0
end_of_record
SF:lib\services\database.dart
DA:8,0
DA:10,0
DA:11,0
DA:12,0
DA:13,0
DA:16,0
DA:23,0
DA:24,0
DA:27,0
DA:29,0
DA:31,0
DA:32,0
DA:33,0
DA:34,0
DA:36,0
LF:15
LH:0
end_of_record
